<?xml version="1.0" encoding="UTF-8" ?>
<testsuite tests="1" failures="0" name="testRunner.TestRunner" time="6.978" errors="0" skipped="0">
  <properties>
    <property name="JOB_NAME" value="testMaven"/>
    <property name="java.vendor" value="Oracle Corporation"/>
    <property name="sun.java.launcher" value="SUN_STANDARD"/>
    <property name="RUN_TESTS_DISPLAY_URL" value="http://localhost:8080/job/testMaven/14/display/redirect?page=tests"/>
    <property name="NUMBER_OF_PROCESSORS" value="12"/>
    <property name="sun.management.compiler" value="HotSpot 64-Bit Tiered Compilers"/>
    <property name="JENKINS_HOME" value="C:\Users\melmaallem\.jenkins"/>
    <property name="FPS_BROWSER_USER_PROFILE_STRING" value="Default"/>
    <property name="HUDSON_SERVER_COOKIE" value="0c53df6f4cc99c35"/>
    <property name="POM_ARTIFACTID" value="cucumber"/>
    <property name="os.name" value="Windows 10"/>
    <property name="RegionCode" value="NA"/>
    <property name="EXECUTOR_NUMBER" value="0"/>
    <property name="sun.desktop" value="windows"/>
    <property name="PATHEXT" value=".COM;.EXE;.BAT;.CMD;.VBS;.VBE;.JS;.JSE;.WSF;.WSH;.MSC"/>
    <property name="POM_DISPLAYNAME" value="cucumber"/>
    <property name="java.vm.specification.vendor" value="Oracle Corporation"/>
    <property name="TEMP" value="C:\Users\MELMAA~1\AppData\Local\Temp"/>
    <property name="NODE_LABELS" value="master"/>
    <property name="java.runtime.version" value="11.0.10+8-LTS-162"/>
    <property name="FPS_BROWSER_APP_PROFILE_STRING" value="Internet Explorer"/>
    <property name="user.name" value="melmaallem"/>
    <property name="guice.disable.misplaced.annotation.check" value="true"/>
    <property name="CommonProgramW6432" value="C:\Program Files\Common Files"/>
    <property name="ProgramFiles" value="C:\Program Files"/>
    <property name="OnlineServices" value="Online Services"/>
    <property name="PROMPT" value="$P$G"/>
    <property name="user.language" value="fr"/>
    <property name="JOB_BASE_NAME" value="testMaven"/>
    <property name="RUN_CHANGES_DISPLAY_URL" value="http://localhost:8080/job/testMaven/14/display/redirect?page=changes"/>
    <property name="BUILD_DISPLAY_NAME" value="#14"/>
    <property name="OneDrive" value="C:\Users\melmaallem\OneDrive - AddÉnergie"/>
    <property name="sun.boot.library.path" value="C:\java\jdk-11.0.10_windows-x64_bin\jdk-11.0.10\bin"/>
    <property name="OneDriveCommercial" value="C:\Users\melmaallem\OneDrive - AddÉnergie"/>
    <property name="java.vm.compressedOopsMode" value="Zero based"/>
    <property name="LOCALAPPDATA" value="C:\Users\melmaallem\AppData\Local"/>
    <property name="java.version" value="11.0.10"/>
    <property name="user.timezone" value="America/New_York"/>
    <property name="PROCESSOR_LEVEL" value="6"/>
    <property name="USERNAME" value="melmaallem"/>
    <property name="sun.arch.data.model" value="64"/>
    <property name="NODE_NAME" value="master"/>
    <property name="BUILD_ID" value="14"/>
    <property name="sun.cpu.isalist" value="amd64"/>
    <property name="sun.jnu.encoding" value="Cp1252"/>
    <property name="maven.conf" value="C:\Users\melmaallem\.jenkins\tools\hudson.tasks.Maven_MavenInstallation\maven\conf"/>
    <property name="HOMEDRIVE" value="C:"/>
    <property name="file.separator" value="\"/>
    <property name="java.specification.name" value="Java Platform API Specification"/>
    <property name="java.class.version" value="55.0"/>
    <property name="=::" value="::\"/>
    <property name="org.slf4j.simpleLogger.defaultLogLevel" value="info"/>
    <property name="user.country" value="CA"/>
    <property name="ALLUSERSPROFILE" value="C:\ProgramData"/>
    <property name="java.home" value="C:\java\jdk-11.0.10_windows-x64_bin\jdk-11.0.10"/>
    <property name="java.vm.info" value="mixed mode"/>
    <property name="os.version" value="10.0"/>
    <property name="platformcode" value="AN"/>
    <property name="PTSMINSTALLPATH_X86" value="C:\Program Files (x86)\HP\HP ProtectTools Security Manager\Bin\"/>
    <property name="RUN_DISPLAY_URL" value="http://localhost:8080/job/testMaven/14/display/redirect"/>
    <property name="POM_VERSION" value="0.0.1-SNAPSHOT"/>
    <property name="TMP" value="C:\Users\MELMAA~1\AppData\Local\Temp"/>
    <property name="path.separator" value=";"/>
    <property name="RUN_ARTIFACTS_DISPLAY_URL" value="http://localhost:8080/job/testMaven/14/display/redirect?page=artifacts"/>
    <property name="java.vm.version" value="11.0.10+8-LTS-162"/>
    <property name="user.variant" value=""/>
    <property name="CommonProgramFiles(x86)" value="C:\Program Files (x86)\Common Files"/>
    <property name="JOB_DISPLAY_URL" value="http://localhost:8080/job/testMaven/display/redirect"/>
    <property name="USERDOMAIN_ROAMINGPROFILE" value="FLO"/>
    <property name="java.awt.printerjob" value="sun.awt.windows.WPrinterJob"/>
    <property name="CommonProgramFiles" value="C:\Program Files\Common Files"/>
    <property name="sun.io.unicode.encoding" value="UnicodeLittle"/>
    <property name="ComSpec" value="C:\WINDOWS\system32\cmd.exe"/>
    <property name="USERDNSDOMAIN" value="FLO.LOCAL"/>
    <property name="HOMEPATH" value="\Users\melmaallem"/>
    <property name="awt.toolkit" value="sun.awt.windows.WToolkit"/>
    <property name="POM_PACKAGING" value="jar"/>
    <property name="COMPUTERNAME" value="WS-MTL-00208"/>
    <property name="user.script" value=""/>
    <property name="POM_GROUPID" value="test.selenium"/>
    <property name="user.home" value="C:\Users\melmaallem"/>
    <property name="PUBLIC" value="C:\Users\Public"/>
    <property name="BUILD_TAG" value="jenkins-testMaven-14"/>
    <property name="JENKINS_SERVER_COOKIE" value="0c53df6f4cc99c35"/>
    <property name="HUDSON_URL" value="http://localhost:8080/"/>
    <property name="ProgramData" value="C:\ProgramData"/>
    <property name="java.version.date" value="2021-01-19"/>
    <property name="java.specification.vendor" value="Oracle Corporation"/>
    <property name="USERPROFILE" value="C:\Users\melmaallem"/>
    <property name="CLASSPATH" value=""/>
    <property name="java.library.path" value="C:\java\jdk-11.0.10_windows-x64_bin\jdk-11.0.10\bin;C:\WINDOWS\Sun\Java\bin;C:\WINDOWS\system32;C:\WINDOWS;C:\Users\melmaallem\.jenkins\tools\hudson.tasks.Maven_MavenInstallation\maven/bin;C:\Program Files (x86)\Microsoft SDKs\Azure\CLI2\wbin;C:\WINDOWS\system32;C:\WINDOWS;C:\WINDOWS\System32\Wbem;C:\WINDOWS\System32\WindowsPowerShell\v1.0\;C:\WINDOWS\System32\OpenSSH\;C:\Program Files (x86)\Intel\Intel(R) Management Engine Components\DAL;C:\Program Files\Intel\Intel(R) Management Engine Components\DAL;C:\Program Files\Intel\WiFi\bin\;C:\Program Files\Common Files\Intel\WirelessCommon\;C:\Program Files (x86)\Airtame;C:\Program Files\dotnet\;C:\Program Files\Microsoft SQL Server\130\Tools\Binn\;C:\Program Files\Microsoft SQL Server\Client SDK\ODBC\170\Tools\Binn\;C:\Program Files\Git\cmd;C:\Program Files (x86)\GitExtensions\;C:\Program Files (x86)\Microsoft SQL Server\150\DTS\Binn\;C:\Users\melmaallem\AppData\Local\Programs\Python;C:\Users\melmaallem\AppData\Local\Programs\Python\Python38-32;C:\Program Files (x86)\dotnet\;C:\Users\melmaallem\AppData\Local\Microsoft\WindowsApps;C:\Users\melmaallem\.dotnet\tools;C:\Users\melmaallem\AppData\Local\Programs\Fiddler;C:\Users\melmaallem\AppData\Local\Microsoft\WindowsApps;C:\Users\melmaallem\tools\maven\apache-maven-3.6.3-bin\apache-maven-3.6.3\bin;C:\java\jdk-11.0.10_windows-x64_bin\jdk-11.0.10\bin;;."/>
    <property name="java.vendor.url" value="https://openjdk.java.net/"/>
    <property name="java.vm.vendor" value="Oracle Corporation"/>
    <property name="APPDATA" value="C:\Users\melmaallem\AppData\Roaming"/>
    <property name="java.runtime.name" value="Java(TM) SE Runtime Environment"/>
    <property name="maven.home" value="C:\Users\melmaallem\.jenkins\tools\hudson.tasks.Maven_MavenInstallation\maven"/>
    <property name="java.class.path" value="C:\Users\melmaallem\.jenkins\plugins\maven-plugin\WEB-INF\lib\maven35-agent-1.13.jar;C:\Users\melmaallem\.jenkins\tools\hudson.tasks.Maven_MavenInstallation\maven\boot\plexus-classworlds-2.6.0.jar;C:\Users\melmaallem\.jenkins\tools\hudson.tasks.Maven_MavenInstallation\maven/conf/logging"/>
    <property name="sun.java.command" value="jenkins.maven3.agent.Maven35Main C:\Users\melmaallem\.jenkins\tools\hudson.tasks.Maven_MavenInstallation\maven C:\Users\melmaallem\.jenkins\war\WEB-INF\lib\remoting-4.5.jar C:\Users\melmaallem\.jenkins\plugins\maven-plugin\WEB-INF\lib\maven35-interceptor-1.13.jar C:\Users\melmaallem\.jenkins\plugins\maven-plugin\WEB-INF\lib\maven3-interceptor-commons-1.13.jar 54994"/>
    <property name="Path" value="C:\Program Files (x86)\Microsoft SDKs\Azure\CLI2\wbin;C:\WINDOWS\system32;C:\WINDOWS;C:\WINDOWS\System32\Wbem;C:\WINDOWS\System32\WindowsPowerShell\v1.0\;C:\WINDOWS\System32\OpenSSH\;C:\Program Files (x86)\Intel\Intel(R) Management Engine Components\DAL;C:\Program Files\Intel\Intel(R) Management Engine Components\DAL;C:\Program Files\Intel\WiFi\bin\;C:\Program Files\Common Files\Intel\WirelessCommon\;C:\Program Files (x86)\Airtame;C:\Program Files\dotnet\;C:\Program Files\Microsoft SQL Server\130\Tools\Binn\;C:\Program Files\Microsoft SQL Server\Client SDK\ODBC\170\Tools\Binn\;C:\Program Files\Git\cmd;C:\Program Files (x86)\GitExtensions\;C:\Program Files (x86)\Microsoft SQL Server\150\DTS\Binn\;C:\Users\melmaallem\AppData\Local\Programs\Python;C:\Users\melmaallem\AppData\Local\Programs\Python\Python38-32;C:\Program Files (x86)\dotnet\;C:\Users\melmaallem\AppData\Local\Microsoft\WindowsApps;C:\Users\melmaallem\.dotnet\tools;C:\Users\melmaallem\AppData\Local\Programs\Fiddler;C:\Users\melmaallem\AppData\Local\Microsoft\WindowsApps;C:\Users\melmaallem\tools\maven\apache-maven-3.6.3-bin\apache-maven-3.6.3\bin;C:\java\jdk-11.0.10_windows-x64_bin\jdk-11.0.10\bin;"/>
    <property name="jdk.debug" value="release"/>
    <property name="PROCESSOR_ARCHITECTURE" value="AMD64"/>
    <property name="java.vm.specification.name" value="Java Virtual Machine Specification"/>
    <property name="SESSIONNAME" value="Console"/>
    <property name="PROCESSOR_IDENTIFIER" value="Intel64 Family 6 Model 158 Stepping 10, GenuineIntel"/>
    <property name="java.vm.specification.version" value="11"/>
    <property name="M2_HOME" value="C:\Users\melmaallem\.jenkins\tools\hudson.tasks.Maven_MavenInstallation\maven"/>
    <property name="sun.cpu.endian" value="little"/>
    <property name="sun.os.patch.level" value=""/>
    <property name="OS" value="Windows_NT"/>
    <property name="java.io.tmpdir" value="C:\Users\MELMAA~1\AppData\Local\Temp\"/>
    <property name="HUDSON_HOME" value="C:\Users\melmaallem\.jenkins"/>
    <property name="PATH+MAVEN" value="C:\Users\melmaallem\.jenkins\tools\hudson.tasks.Maven_MavenInstallation\maven/bin"/>
    <property name="ProgramFiles(x86)" value="C:\Program Files (x86)"/>
    <property name="java.vendor.url.bug" value="https://bugreport.java.com/bugreport/"/>
    <property name="BUILD_URL" value="http://localhost:8080/job/testMaven/14/"/>
    <property name="SystemRoot" value="C:\WINDOWS"/>
    <property name="os.arch" value="amd64"/>
    <property name="java.awt.graphicsenv" value="sun.awt.Win32GraphicsEnvironment"/>
    <property name="user.dir" value="C:\Users\melmaallem\tools\eclipse-workspace\workspace-selenium\cucumber"/>
    <property name="JOB_URL" value="http://localhost:8080/job/testMaven/"/>
    <property name="LOGONSERVER" value="\\FLO-QUE-DC01"/>
    <property name="USERDOMAIN" value="FLO"/>
    <property name="MAVEN_HOME" value="C:\Users\melmaallem\.jenkins\tools\hudson.tasks.Maven_MavenInstallation\maven"/>
    <property name="line.separator" value="
"/>
    <property name="java.vm.name" value="Java HotSpot(TM) 64-Bit Server VM"/>
    <property name="BUILD_NUMBER" value="14"/>
    <property name="PROCESSOR_REVISION" value="9e0a"/>
    <property name="JENKINS_URL" value="http://localhost:8080/"/>
    <property name="ProgramW6432" value="C:\Program Files"/>
    <property name="windir" value="C:\WINDOWS"/>
    <property name="=C:" value="C:\Users\melmaallem\tools"/>
    <property name="file.encoding" value="Cp1252"/>
    <property name="SystemDrive" value="C:"/>
    <property name="PTSMINSTALLPATH" value="c:\Program Files\HP\HP ProtectTools Security Manager\Bin\"/>
    <property name="maven3.interceptor" value="C:\Users\melmaallem\.jenkins\plugins\maven-plugin\WEB-INF\lib\maven35-interceptor-1.13.jar"/>
    <property name="WORKSPACE_TMP" value="C:\Users\melmaallem\.jenkins\workspace\testMaven@tmp"/>
    <property name="WORKSPACE" value="C:\Users\melmaallem\.jenkins\workspace\testMaven"/>
    <property name="maven3.interceptor.common" value="C:\Users\melmaallem\.jenkins\plugins\maven-plugin\WEB-INF\lib\maven3-interceptor-commons-1.13.jar"/>
    <property name="PSModulePath" value="C:\Program Files\WindowsPowerShell\Modules;C:\WINDOWS\system32\WindowsPowerShell\v1.0\Modules;C:\Program Files\Intel\Wired Networking\"/>
    <property name="java.specification.version" value="11"/>
    <property name="DriverData" value="C:\Windows\System32\Drivers\DriverData"/>
    <property name="java.vendor.version" value="18.9"/>
  </properties>
  <testcase classname="search feature" name="search by name" time="6.978"/>
</testsuite>